<?xml version="1.0" encoding="UTF-8" ?>
<testsuite tests="6" failures="0" name="beans.ingredientBeanParameterizedTest" time="0.01" errors="0" skipped="0">
  <properties>
[...]
</properties>
  <testcase classname="beans.ingredientBeanParameterizedTest" name="testconvertAmtStringsToDbl[0]" time="0.01"/>
  <testcase classname="beans.ingredientBeanParameterizedTest" name="testconvertAmtStringsToDbl[1]" time="0"/>
  <testcase classname="beans.ingredientBeanParameterizedTest" name="testconvertAmtStringsToDbl[2]" time="0"/>
  <testcase classname="beans.ingredientBeanParameterizedTest" name="testconvertAmtStringsToDbl[3]" time="0"/>
  <testcase classname="beans.ingredientBeanParameterizedTest" name="testconvertAmtStringsToDbl[4]" time="0"/>
  <testcase classname="beans.ingredientBeanParameterizedTest" name="testconvertAmtStringsToDbl[5]" time="0"/>
</testsuite>